# JRE version: OpenJDK Runtime Environment (11.0.10) (build 11.0.10+0-b96-7249189)
# Java VM: OpenJDK 64-Bit Server VM (11.0.10+0-b96-7249189, mixed mode, tiered, compressed oops, g1 gc, windows-amd64)
Heap:
 garbage-first heap   total 157696K, used 116273K [0x0000000080000000, 0x0000000100000000)
  region size 1024K, 19 young (19456K), 3 survivors (3072K)
 Metaspace       used 93723K, capacity 96119K, committed 96460K, reserved 1132544K
  class space    used 11925K, capacity 12722K, committed 12824K, reserved 1048576K
GC Heap History (20 events):
Event: 25.564 GC heap before
{Heap before GC invocations=15 (full 0):
 garbage-first heap   total 157696K, used 120228K [0x0000000080000000, 0x0000000100000000)
  region size 1024K, 59 young (60416K), 8 survivors (8192K)
 Metaspace       used 58379K, capacity 60123K, committed 60288K, reserved 1101824K
  class space    used 7482K, capacity 8075K, committed 8140K, reserved 1048576K
}
Event: 25.594 GC heap after
{Heap after GC invocations=16 (full 0):
 garbage-first heap   total 157696K, used 76317K [0x0000000080000000, 0x0000000100000000)
  region size 1024K, 9 young (9216K), 9 survivors (9216K)
 Metaspace       used 58379K, capacity 60123K, committed 60288K, reserved 1101824K
  class space    used 7482K, capacity 8075K, committed 8140K, reserved 1048576K
}
Event: 27.438 GC heap before
{Heap before GC invocations=17 (full 0):
 garbage-first heap   total 157696K, used 126493K [0x0000000080000000, 0x0000000100000000)
  region size 1024K, 58 young (59392K), 9 survivors (9216K)
 Metaspace       used 66221K, capacity 68085K, committed 68172K, reserved 1107968K
  class space    used 8416K, capacity 9083K, committed 9112K, reserved 1048576K
}
Event: 27.453 GC heap after
{Heap after GC invocations=18 (full 0):
 garbage-first heap   total 157696K, used 79351K [0x0000000080000000, 0x0000000100000000)
  region size 1024K, 3 young (3072K), 3 survivors (3072K)
 Metaspace       used 66221K, capacity 68085K, committed 68172K, reserved 1107968K
  class space    used 8416K, capacity 9083K, committed 9112K, reserved 1048576K
}
Event: 29.000 GC heap before
{Heap before GC invocations=18 (full 0):
 garbage-first heap   total 157696K, used 124407K [0x0000000080000000, 0x0000000100000000)
  region size 1024K, 49 young (50176K), 3 survivors (3072K)
 Metaspace       used 70901K, capacity 72874K, committed 73164K, reserved 1112064K
  class space    used 8987K, capacity 9692K, committed 9752K, reserved 1048576K
}
Event: 29.014 GC heap after
{Heap after GC invocations=19 (full 0):
 garbage-first heap   total 157696K, used 83415K [0x0000000080000000, 0x0000000100000000)
  region size 1024K, 7 young (7168K), 7 survivors (7168K)
 Metaspace       used 70901K, capacity 72874K, committed 73164K, reserved 1112064K
  class space    used 8987K, capacity 9692K, committed 9752K, reserved 1048576K
}
Event: 30.624 GC heap before
{Heap before GC invocations=20 (full 0):
 garbage-first heap   total 157696K, used 129495K [0x0000000080000000, 0x0000000100000000)
  region size 1024K, 51 young (52224K), 7 survivors (7168K)
 Metaspace       used 73956K, capacity 75802K, committed 76108K, reserved 1116160K
  class space    used 9363K, capacity 10020K, committed 10136K, reserved 1048576K
}
Event: 30.643 GC heap after
{Heap after GC invocations=21 (full 0):
 garbage-first heap   total 157696K, used 86766K [0x0000000080000000, 0x0000000100000000)
  region size 1024K, 4 young (4096K), 4 survivors (4096K)
 Metaspace       used 73956K, capacity 75802K, committed 76108K, reserved 1116160K
  class space    used 9363K, capacity 10020K, committed 10136K, reserved 1048576K
}
Event: 32.113 GC heap before
{Heap before GC invocations=21 (full 0):
 garbage-first heap   total 157696K, used 129774K [0x0000000080000000, 0x0000000100000000)
  region size 1024K, 46 young (47104K), 4 survivors (4096K)
 Metaspace       used 78112K, capacity 80005K, committed 80332K, reserved 1118208K
  class space    used 10019K, capacity 10676K, committed 10776K, reserved 1048576K
}
Event: 32.129 GC heap after
{Heap after GC invocations=22 (full 0):
 garbage-first heap   total 157696K, used 90003K [0x0000000080000000, 0x0000000100000000)
  region size 1024K, 4 young (4096K), 4 survivors (4096K)
 Metaspace       used 78112K, capacity 80005K, committed 80332K, reserved 1118208K
  class space    used 10019K, capacity 10676K, committed 10776K, reserved 1048576K
}
Event: 33.369 GC heap before
{Heap before GC invocations=23 (full 0):
 garbage-first heap   total 157696K, used 129939K [0x0000000080000000, 0x0000000100000000)
  region size 1024K, 43 young (44032K), 4 survivors (4096K)
 Metaspace       used 81281K, capacity 83282K, committed 83660K, reserved 1122304K
  class space    used 10473K, capacity 11163K, committed 11288K, reserved 1048576K
}
Event: 33.381 GC heap after
{Heap after GC invocations=24 (full 0):
 garbage-first heap   total 157696K, used 91465K [0x0000000080000000, 0x0000000100000000)
  region size 1024K, 5 young (5120K), 5 survivors (5120K)
 Metaspace       used 81281K, capacity 83282K, committed 83660K, reserved 1122304K
  class space    used 10473K, capacity 11163K, committed 11288K, reserved 1048576K
}
Event: 34.758 GC heap before
{Heap before GC invocations=24 (full 0):
 garbage-first heap   total 157696K, used 131401K [0x0000000080000000, 0x0000000100000000)
  region size 1024K, 44 young (45056K), 5 survivors (5120K)
 Metaspace       used 85378K, capacity 87587K, committed 87756K, reserved 1126400K
  class space    used 10919K, capacity 11668K, committed 11800K, reserved 1048576K
}
Event: 34.779 GC heap after
{Heap after GC invocations=25 (full 0):
 garbage-first heap   total 157696K, used 95901K [0x0000000080000000, 0x0000000100000000)
  region size 1024K, 6 young (6144K), 6 survivors (6144K)
 Metaspace       used 85378K, capacity 87587K, committed 87756K, reserved 1126400K
  class space    used 10919K, capacity 11668K, committed 11800K, reserved 1048576K
}
Event: 35.726 GC heap before
{Heap before GC invocations=26 (full 0):
 garbage-first heap   total 157696K, used 130717K [0x0000000080000000, 0x0000000100000000)
  region size 1024K, 40 young (40960K), 6 survivors (6144K)
 Metaspace       used 86628K, capacity 88774K, committed 88908K, reserved 1126400K
  class space    used 11083K, capacity 11865K, committed 11928K, reserved 1048576K
}
Event: 35.745 GC heap after
{Heap after GC invocations=27 (full 0):
 garbage-first heap   total 157696K, used 98688K [0x0000000080000000, 0x0000000100000000)
  region size 1024K, 3 young (3072K), 3 survivors (3072K)
 Metaspace       used 86628K, capacity 88774K, committed 88908K, reserved 1126400K
  class space    used 11083K, capacity 11865K, committed 11928K, reserved 1048576K
}
Event: 36.295 GC heap before
{Heap before GC invocations=27 (full 0):
 garbage-first heap   total 157696K, used 113024K [0x0000000080000000, 0x0000000100000000)
  region size 1024K, 19 young (19456K), 3 survivors (3072K)
 Metaspace       used 87935K, capacity 90180K, committed 90444K, reserved 1128448K
  class space    used 11238K, capacity 12035K, committed 12184K, reserved 1048576K
}
Event: 36.305 GC heap after
{Heap after GC invocations=28 (full 0):
 garbage-first heap   total 157696K, used 100383K [0x0000000080000000, 0x0000000100000000)
  region size 1024K, 5 young (5120K), 5 survivors (5120K)
 Metaspace       used 87935K, capacity 90180K, committed 90444K, reserved 1128448K
  class space    used 11238K, capacity 12035K, committed 12184K, reserved 1048576K
}
Event: 37.483 GC heap before
{Heap before GC invocations=29 (full 0):
 garbage-first heap   total 157696K, used 131103K [0x0000000080000000, 0x0000000100000000)
  region size 1024K, 34 young (34816K), 5 survivors (5120K)
 Metaspace       used 91752K, capacity 94075K, committed 94412K, reserved 1130496K
  class space    used 11710K, capacity 12470K, committed 12568K, reserved 1048576K
}
Event: 37.494 GC heap after
{Heap after GC invocations=30 (full 0):
 garbage-first heap   total 157696K, used 100913K [0x0000000080000000, 0x0000000100000000)
  region size 1024K, 3 young (3072K), 3 survivors (3072K)
 Metaspace       used 91752K, capacity 94075K, committed 94412K, reserved 1130496K
  class space    used 11710K, capacity 12470K, committed 12568K, reserved 1048576K
}

